This is pdfTeX, Version 3.14159265-2.6-1.40.15 (TeX Live 2014) (preloaded format=pdflatex 2015.4.15)  11 MAY 2015 11:59
entering extended mode
 restricted \write18 enabled.
 file:line:error style messages enabled.
 %&-line parsing enabled.
**main.tex
(./main.tex
LaTeX2e <2014/05/01>
Babel <3.9k> and hyphenation patterns for 78 languages loaded.
(/usr/local/texlive/2014/texmf-dist/tex/latex/base/article.cls
Document Class: article 2007/10/19 v1.4h Standard LaTeX document class
(/usr/local/texlive/2014/texmf-dist/tex/latex/base/size12.clo
File: size12.clo 2007/10/19 v1.4h Standard LaTeX file (size option)
)
\c@part=\count79
\c@section=\count80
\c@subsection=\count81
\c@subsubsection=\count82
\c@paragraph=\count83
\c@subparagraph=\count84
\c@figure=\count85
\c@table=\count86
\abovecaptionskip=\skip41
\belowcaptionskip=\skip42
\bibindent=\dimen102
)
(/usr/local/texlive/2014/texmf-dist/tex/latex/graphics/graphicx.sty
Package: graphicx 2014/04/25 v1.0g Enhanced LaTeX Graphics (DPC,SPQR)

(/usr/local/texlive/2014/texmf-dist/tex/latex/graphics/keyval.sty
Package: keyval 2014/05/08 v1.15 key=value parser (DPC)
\KV@toks@=\toks14
)
(/usr/local/texlive/2014/texmf-dist/tex/latex/graphics/graphics.sty
Package: graphics 2009/02/05 v1.0o Standard LaTeX Graphics (DPC,SPQR)

(/usr/local/texlive/2014/texmf-dist/tex/latex/graphics/trig.sty
Package: trig 1999/03/16 v1.09 sin cos tan (DPC)
)
(/usr/local/texlive/2014/texmf-dist/tex/latex/latexconfig/graphics.cfg
File: graphics.cfg 2010/04/23 v1.9 graphics configuration of TeX Live
)
Package graphics Info: Driver file: pdftex.def on input line 91.

(/usr/local/texlive/2014/texmf-dist/tex/latex/pdftex-def/pdftex.def
File: pdftex.def 2011/05/27 v0.06d Graphics/color for pdfTeX

(/usr/local/texlive/2014/texmf-dist/tex/generic/oberdiek/infwarerr.sty
Package: infwarerr 2010/04/08 v1.3 Providing info/warning/error messages (HO)
)
(/usr/local/texlive/2014/texmf-dist/tex/generic/oberdiek/ltxcmds.sty
Package: ltxcmds 2011/11/09 v1.22 LaTeX kernel commands for general use (HO)
)
\Gread@gobject=\count87
))
\Gin@req@height=\dimen103
\Gin@req@width=\dimen104
)
(/usr/local/texlive/2014/texmf-dist/tex/latex/caption/caption.sty
Package: caption 2013/05/02 v3.3-89 Customizing captions (AR)

(/usr/local/texlive/2014/texmf-dist/tex/latex/caption/caption3.sty
Package: caption3 2013/05/02 v1.6-88 caption3 kernel (AR)
Package caption3 Info: TeX engine: e-TeX on input line 57.
\captionmargin=\dimen105
\captionmargin@=\dimen106
\captionwidth=\dimen107
\caption@tempdima=\dimen108
\caption@indent=\dimen109
\caption@parindent=\dimen110
\caption@hangindent=\dimen111
)
\c@ContinuedFloat=\count88
)
(/usr/local/texlive/2014/texmf-dist/tex/latex/caption/subcaption.sty
Package: subcaption 2013/02/03 v1.1-62 Sub-captions (AR)
\c@subfigure=\count89
\c@subtable=\count90
)
(/usr/local/texlive/2014/texmf-dist/tex/latex/oberdiek/grffile.sty
Package: grffile 2012/04/05 v1.16 Extended file name support for graphics (HO)

(/usr/local/texlive/2014/texmf-dist/tex/generic/oberdiek/ifpdf.sty
Package: ifpdf 2011/01/30 v2.3 Provides the ifpdf switch (HO)
Package ifpdf Info: pdfTeX in PDF mode is detected.
)
(/usr/local/texlive/2014/texmf-dist/tex/generic/ifxetex/ifxetex.sty
Package: ifxetex 2010/09/12 v0.6 Provides ifxetex conditional
)
(/usr/local/texlive/2014/texmf-dist/tex/latex/oberdiek/kvoptions.sty
Package: kvoptions 2011/06/30 v3.11 Key value format for package options (HO)

(/usr/local/texlive/2014/texmf-dist/tex/generic/oberdiek/kvsetkeys.sty
Package: kvsetkeys 2012/04/25 v1.16 Key value parser (HO)

(/usr/local/texlive/2014/texmf-dist/tex/generic/oberdiek/etexcmds.sty
Package: etexcmds 2011/02/16 v1.5 Avoid name clashes with e-TeX commands (HO)

(/usr/local/texlive/2014/texmf-dist/tex/generic/oberdiek/ifluatex.sty
Package: ifluatex 2010/03/01 v1.3 Provides the ifluatex switch (HO)
Package ifluatex Info: LuaTeX not detected.
)
Package etexcmds Info: Could not find \expanded.
(etexcmds)             That can mean that you are not using pdfTeX 1.50 or
(etexcmds)             that some package has redefined \expanded.
(etexcmds)             In the latter case, load this package earlier.
)))
(/usr/local/texlive/2014/texmf-dist/tex/generic/oberdiek/pdftexcmds.sty
Package: pdftexcmds 2011/11/29 v0.20 Utility functions of pdfTeX for LuaTeX (HO
)
Package pdftexcmds Info: LuaTeX not detected.
Package pdftexcmds Info: \pdf@primitive is available.
Package pdftexcmds Info: \pdf@ifprimitive is available.
Package pdftexcmds Info: \pdfdraftmode found.
)
Package grffile Info: Option `multidot' is set to `true'.
Package grffile Info: Option `extendedchars' is set to `false'.
Package grffile Info: Option `space' is set to `true'.
Package grffile Info: \Gin@ii of package `graphicx' fixed on input line 486.
)
(/usr/local/texlive/2014/texmf-dist/tex/latex/float/float.sty
Package: float 2001/11/08 v1.3d Float enhancements (AL)
\c@float@type=\count91
\float@exts=\toks15
\float@box=\box26
\@float@everytoks=\toks16
\@floatcapt=\box27
) (./main.aux

LaTeX Warning: Label `fig:mouse' multiply defined.


LaTeX Warning: Label `sub@fig:mouse' multiply defined.

)
\openout1 = `main.aux'.

LaTeX Font Info:    Checking defaults for OML/cmm/m/it on input line 13.
LaTeX Font Info:    ... okay on input line 13.
LaTeX Font Info:    Checking defaults for T1/cmr/m/n on input line 13.
LaTeX Font Info:    ... okay on input line 13.
LaTeX Font Info:    Checking defaults for OT1/cmr/m/n on input line 13.
LaTeX Font Info:    ... okay on input line 13.
LaTeX Font Info:    Checking defaults for OMS/cmsy/m/n on input line 13.
LaTeX Font Info:    ... okay on input line 13.
LaTeX Font Info:    Checking defaults for OMX/cmex/m/n on input line 13.
LaTeX Font Info:    ... okay on input line 13.
LaTeX Font Info:    Checking defaults for U/cmr/m/n on input line 13.
LaTeX Font Info:    ... okay on input line 13.
 (/usr/local/texlive/2014/texmf-dist/tex/context/base/supp-pdf.mkii
[Loading MPS to PDF converter (version 2006.09.02).]
\scratchcounter=\count92
\scratchdimen=\dimen112
\scratchbox=\box28
\nofMPsegments=\count93
\nofMParguments=\count94
\everyMPshowfont=\toks17
\MPscratchCnt=\count95
\MPscratchDim=\dimen113
\MPnumerator=\count96
\makeMPintoPDFobject=\count97
\everyMPtoPDFconversion=\toks18
) (/usr/local/texlive/2014/texmf-dist/tex/latex/oberdiek/epstopdf-base.sty
Package: epstopdf-base 2010/02/09 v2.5 Base part for package epstopdf

(/usr/local/texlive/2014/texmf-dist/tex/latex/oberdiek/grfext.sty
Package: grfext 2010/08/19 v1.1 Manage graphics extensions (HO)

(/usr/local/texlive/2014/texmf-dist/tex/generic/oberdiek/kvdefinekeys.sty
Package: kvdefinekeys 2011/04/07 v1.3 Define keys (HO)
))
Package grfext Info: Graphics extension search list:
(grfext)             [.png,.pdf,.jpg,.mps,.jpeg,.jbig2,.jb2,.PNG,.PDF,.JPG,.JPE
G,.JBIG2,.JB2,.eps]
(grfext)             \AppendGraphicsExtensions on input line 452.

(/usr/local/texlive/2014/texmf-dist/tex/latex/latexconfig/epstopdf-sys.cfg
File: epstopdf-sys.cfg 2010/07/13 v1.3 Configuration of (r)epstopdf for TeX Liv
e
))
Package caption Info: Begin \AtBeginDocument code.
Package caption Info: float package is loaded.
Package caption Info: End \AtBeginDocument code.
LaTeX Font Info:    External font `cmex10' loaded for size
(Font)              <14.4> on input line 14.
LaTeX Font Info:    External font `cmex10' loaded for size
(Font)              <7> on input line 14.
LaTeX Font Info:    External font `cmex10' loaded for size
(Font)              <12> on input line 23.
LaTeX Font Info:    External font `cmex10' loaded for size
(Font)              <8> on input line 23.
LaTeX Font Info:    External font `cmex10' loaded for size
(Font)              <6> on input line 23.

[1

{/usr/local/texlive/2014/texmf-var/fonts/map/pdftex/updmap/pdftex.map}]
Overfull \hbox (15.27133pt too wide) in paragraph at lines 36--37
\OT1/cmr/m/n/12 C. The three fold-ers ``time[]vs[]numprocLargeIm'', ``time[]vs[
]numprocMediumIm''
 []


Overfull \hbox (16.22931pt too wide) in paragraph at lines 36--37
\OT1/cmr/m/n/12 and ``time[]vs[]numprocSmallIm'' run the al-go-rithm for $\OML/
cmm/m/it/12 P \OT1/cmr/m/n/12 = 3\OML/cmm/m/it/12 ; \OT1/cmr/m/n/12 4\OML/cmm/m
/it/12 ; \OT1/cmr/m/n/12 6\OML/cmm/m/it/12 ; \OT1/cmr/m/n/12 8\OML/cmm/m/it/12 
; \OT1/cmr/m/n/12 12\OML/cmm/m/it/12 ; \OT1/cmr/m/n/12 16\OML/cmm/m/it/12 ; \OT
1/cmr/m/n/12 18\OML/cmm/m/it/12 ; \OT1/cmr/m/n/12 24$
 []

[2] [3] [4] <../Image_4.png, id=24, 770.88pt x 770.88pt>
File: ../Image_4.png Graphic file (type png)
 <use ../Image_4.png>
Package pdftex.def Info: ../Image_4.png used on input line 66.
(pdftex.def)             Requested size: 234.00238pt x 233.99472pt.

[5] <../avgpixelbyproc.png, id=28, 578.16pt x 433.62pt>
File: ../avgpixelbyproc.png Graphic file (type png)

<use ../avgpixelbyproc.png>
Package pdftex.def Info: ../avgpixelbyproc.png used on input line 74.
(pdftex.def)             Requested size: 390.0pt x 292.4956pt.
 [6 <../Image_4.png>]
<../Speedup.png, id=33, 578.16pt x 433.62pt>
File: ../Speedup.png Graphic file (type png)
 <use ../Speedup.png>
Package pdftex.def Info: ../Speedup.png used on input line 83.
(pdftex.def)             Requested size: 390.0pt x 292.4956pt.
 [7 <../avgpixelbyproc.png>] <../comtime.png, id=39, 578.16pt x 433.62pt>
File: ../comtime.png Graphic file (type png)

<use ../comtime.png>
Package pdftex.def Info: ../comtime.png used on input line 89.
(pdftex.def)             Requested size: 390.0pt x 292.4956pt.
 [8 <../Speedup.png>]
<../relcomtime.png, id=44, 578.16pt x 433.62pt>
File: ../relcomtime.png Graphic file (type png)
 <use ../relcomtime.png>
Package pdftex.def Info: ../relcomtime.png used on input line 95.
(pdftex.def)             Requested size: 390.0pt x 292.4956pt.

[9 <../comtime.png>]
<../printims/image_1.000000.png, id=49, 192.72pt x 128.48pt>
File: ../printims/image_1.000000.png Graphic file (type png)

<use ../printims/image_1.000000.png>
Package pdftex.def Info: ../printims/image_1.000000.png used on input line 103.

(pdftex.def)             Requested size: 155.99762pt x 103.99763pt.
LaTeX Font Info:    External font `cmex10' loaded for size
(Font)              <10.95> on input line 104.

<../printims/image_0.500000.png, id=50, 192.72pt x 128.48pt>
File: ../printims/image_0.500000.png Graphic file (type png)

<use ../printims/image_0.500000.png>
Package pdftex.def Info: ../printims/image_0.500000.png used on input line 110.

(pdftex.def)             Requested size: 155.99762pt x 103.99763pt.

<../printims/image_0.100000.png, id=51, 192.72pt x 128.48pt>
File: ../printims/image_0.100000.png Graphic file (type png)

<use ../printims/image_0.100000.png>
Package pdftex.def Info: ../printims/image_0.100000.png used on input line 117.

(pdftex.def)             Requested size: 155.99762pt x 103.99763pt.

<../printims/image_0.050000.png, id=52, 192.72pt x 128.48pt>
File: ../printims/image_0.050000.png Graphic file (type png)

<use ../printims/image_0.050000.png>
Package pdftex.def Info: ../printims/image_0.050000.png used on input line 123.

(pdftex.def)             Requested size: 155.99762pt x 103.99763pt.


LaTeX Warning: `h' float specifier changed to `ht'.


Overfull \hbox (27.31505pt too wide) in paragraph at lines 130--131
[]\OT1/cmr/m/n/12 In fig-ure 6[] the out-put re-con-struc-tion is shown for val
-ues of $^^A = 1\OML/cmm/m/it/12 :\OT1/cmr/m/n/12 0\OML/cmm/m/it/12 ; \OT1/cmr/
m/n/12 0\OML/cmm/m/it/12 :\OT1/cmr/m/n/12 5\OML/cmm/m/it/12 ; \OT1/cmr/m/n/12 0
\OML/cmm/m/it/12 :\OT1/cmr/m/n/12 1\OML/cmm/m/it/12 ; \OT1/cmr/m/n/12 0\OML/cmm
/m/it/12 :\OT1/cmr/m/n/12 05$
 []

[10 <../relcomtime.png>] [11 <../printims/image_1.000000.png> <../printims/imag
e_0.500000.png> <../printims/image_0.100000.png> <../printims/image_0.050000.pn
g>] (./main.aux)

LaTeX Warning: There were multiply-defined labels.

 ) 
Here is how much of TeX's memory you used:
 2768 strings out of 493117
 44857 string characters out of 6135433
 106828 words of memory out of 5000000
 6225 multiletter control sequences out of 15000+600000
 9417 words of font info for 33 fonts, out of 8000000 for 9000
 1141 hyphenation exceptions out of 8191
 36i,7n,38p,1451b,477s stack positions out of 5000i,500n,10000p,200000b,80000s
</usr/local/texlive/2014/texmf-dist/fonts/type1/public/amsfonts/cm/cmbx12.pfb
></usr/local/texlive/2014/texmf-dist/fonts/type1/public/amsfonts/cm/cmmi10.pfb>
</usr/local/texlive/2014/texmf-dist/fonts/type1/public/amsfonts/cm/cmmi12.pfb><
/usr/local/texlive/2014/texmf-dist/fonts/type1/public/amsfonts/cm/cmmi6.pfb></u
sr/local/texlive/2014/texmf-dist/fonts/type1/public/amsfonts/cm/cmmi8.pfb></usr
/local/texlive/2014/texmf-dist/fonts/type1/public/amsfonts/cm/cmr10.pfb></usr/l
ocal/texlive/2014/texmf-dist/fonts/type1/public/amsfonts/cm/cmr12.pfb></usr/loc
al/texlive/2014/texmf-dist/fonts/type1/public/amsfonts/cm/cmr17.pfb></usr/local
/texlive/2014/texmf-dist/fonts/type1/public/amsfonts/cm/cmr8.pfb></usr/local/te
xlive/2014/texmf-dist/fonts/type1/public/amsfonts/cm/cmsy10.pfb></usr/local/tex
live/2014/texmf-dist/fonts/type1/public/amsfonts/cm/cmsy8.pfb>
Output written on main.pdf (11 pages, 365230 bytes).
PDF statistics:
 98 PDF objects out of 1000 (max. 8388607)
 59 compressed objects within 1 object stream
 0 named destinations out of 1000 (max. 500000)
 46 words of extra memory for PDF output out of 10000 (max. 10000000)

